app/build/intermediates/manifest_merge_blame_file/debug/manifest-merger-blame-debug-report.txt
1<?xml version="1.0" encoding="utf-8"?>
2<manifest xmlns:android="http://schemas.android.com/apk/res/android"
3    package="com.must.nano"
4    android:versionCode="1"
5    android:versionName="1.0" >
6
7    <uses-sdk
8        android:minSdkVersion="21"
8-->src\main\AndroidManifest.xml
9        android:targetSdkVersion="31" />
9-->src\main\AndroidManifest.xml
10
11    <uses-permission android:name="android.permission.INTERNET" />
11-->src\main\AndroidManifest.xml:20:5-67
11-->src\main\AndroidManifest.xml:20:22-64
12
13    <application
13-->src\main\AndroidManifest.xml:5:5-19:19
14        android:allowBackup="true"
14-->src\main\AndroidManifest.xml:6:9-35
15        android:appComponentFactory="androidx.core.app.CoreComponentFactory"
15-->[androidx.core:core:1.7.0] AndroidManifest.xml:24:18-86
16        android:debuggable="true"
17        android:icon="@mipmap/ic_launcher"
17-->src\main\AndroidManifest.xml:7:9-43
18        android:label="@string/app_name"
18-->src\main\AndroidManifest.xml:8:9-41
19        android:roundIcon="@mipmap/ic_launcher_round"
19-->src\main\AndroidManifest.xml:9:9-54
20        android:supportsRtl="true"
20-->src\main\AndroidManifest.xml:10:9-35
21        android:testOnly="true"
22        android:theme="@style/Theme.Nano" >
22-->src\main\AndroidManifest.xml:11:9-42
23        <activity android:name="com.must.nano.MainActivity" >
23-->src\main\AndroidManifest.xml:12:9-18:20
23-->src\main\AndroidManifest.xml:12:19-47
24            <intent-filter>
24-->src\main\AndroidManifest.xml:13:13-17:29
25                <action android:name="android.intent.action.MAIN" />
25-->src\main\AndroidManifest.xml:14:17-69
25-->src\main\AndroidManifest.xml:14:25-66
26
27                <category android:name="android.intent.category.LAUNCHER" />
27-->src\main\AndroidManifest.xml:16:17-77
27-->src\main\AndroidManifest.xml:16:27-74
28            </intent-filter>
29        </activity>
30
31        <provider
31-->[androidx.emoji2:emoji2:1.0.0] AndroidManifest.xml:26:9-34:20
32            android:name="androidx.startup.InitializationProvider"
32-->[androidx.emoji2:emoji2:1.0.0] AndroidManifest.xml:27:13-67
33            android:authorities="com.must.nano.androidx-startup"
33-->[androidx.emoji2:emoji2:1.0.0] AndroidManifest.xml:28:13-68
34            android:exported="false" >
34-->[androidx.emoji2:emoji2:1.0.0] AndroidManifest.xml:29:13-37
35            <meta-data
35-->[androidx.emoji2:emoji2:1.0.0] AndroidManifest.xml:31:13-33:52
36                android:name="androidx.emoji2.text.EmojiCompatInitializer"
36-->[androidx.emoji2:emoji2:1.0.0] AndroidManifest.xml:32:17-75
37                android:value="androidx.startup" />
37-->[androidx.emoji2:emoji2:1.0.0] AndroidManifest.xml:33:17-49
38            <meta-data
38-->[androidx.lifecycle:lifecycle-process:2.4.0] AndroidManifest.xml:31:13-33:52
39                android:name="androidx.lifecycle.ProcessLifecycleInitializer"
39-->[androidx.lifecycle:lifecycle-process:2.4.0] AndroidManifest.xml:32:17-78
40                android:value="androidx.startup" />
40-->[androidx.lifecycle:lifecycle-process:2.4.0] AndroidManifest.xml:33:17-49
41        </provider>
42    </application>
43
44</manifest>